"../../../../../../Users/Lextr/OneDrive/Documenti/Unreal Projects/GameBehaviour/Content/Maps/Default.uasset" 0
"../../../../../../Users/Lextr/OneDrive/Documenti/Unreal Projects/GameBehaviour/Content/Maps/Space_BuiltData.uasset" 1
"../../../../../../Users/Lextr/OneDrive/Documenti/Unreal Projects/GameBehaviour/Content/Maps/Default_BuiltData.uasset" 2
"../../../../../../Users/Lextr/OneDrive/Documenti/Unreal Projects/GameBehaviour/Content/StarterContent/Textures/T_Smoke_SubUV.uasset" 3
"../../../../../../Users/Lextr/OneDrive/Documenti/Unreal Projects/GameBehaviour/Content/StarterContent/Textures/T_Smoke_Tiled_D.uasset" 4
"../../../../../../Users/Lextr/OneDrive/Documenti/Unreal Projects/GameBehaviour/Content/StarterContent/Particles/Materials/M_smoke_subUV.uasset" 5
"../../../../../../Users/Lextr/OneDrive/Documenti/Unreal Projects/GameBehaviour/Content/Assets/ParticleSystems/Thruster.uasset" 6
"../../../Engine/Content/Functions/Engine_MaterialFunctions03/Procedurals/PerturbNormalHQ.uasset" 7
"../../../Engine/Content/Functions/Engine_MaterialFunctions03/Procedurals/PreparePerturbNormalHQ.uasset" 8
"../../../../../../Users/Lextr/OneDrive/Documenti/Unreal Projects/GameBehaviour/Content/Assets/Shaders/Lava.uasset" 9
"../../../../../../Users/Lextr/OneDrive/Documenti/Unreal Projects/GameBehaviour/Content/Assets/Textures/Misc/EffectDetail.uasset" 10
"../../../../../../Users/Lextr/OneDrive/Documenti/Unreal Projects/GameBehaviour/Content/Assets/Textures/EffectDetail.uasset" 11
"../../../../../../Users/Lextr/OneDrive/Documenti/Unreal Projects/GameBehaviour/Content/Assets/Textures/Misc/EffectGradient.uasset" 12
"../../../../../../Users/Lextr/OneDrive/Documenti/Unreal Projects/GameBehaviour/Content/Assets/Textures/EffectGradient.uasset" 13
"../../../../../../Users/Lextr/OneDrive/Documenti/Unreal Projects/GameBehaviour/Content/Assets/Textures/UI/Engine.uasset" 14
"../../../../../../Users/Lextr/OneDrive/Documenti/Unreal Projects/GameBehaviour/Content/Assets/Textures/Engine.uasset" 15
"../../../../../../Users/Lextr/OneDrive/Documenti/Unreal Projects/GameBehaviour/Content/Assets/Textures/Misc/hex_terrain.uasset" 16
"../../../../../../Users/Lextr/OneDrive/Documenti/Unreal Projects/GameBehaviour/Content/Assets/Textures/hex_terrain.uasset" 17
"../../../../../../Users/Lextr/OneDrive/Documenti/Unreal Projects/GameBehaviour/Content/Assets/Textures/UI/Launch.uasset" 18
"../../../../../../Users/Lextr/OneDrive/Documenti/Unreal Projects/GameBehaviour/Content/Assets/Textures/Launch.uasset" 19
"../../../../../../Users/Lextr/OneDrive/Documenti/Unreal Projects/GameBehaviour/Content/Assets/Textures/Misc/Metal022_2K_Color.uasset" 20
"../../../../../../Users/Lextr/OneDrive/Documenti/Unreal Projects/GameBehaviour/Content/Assets/Textures/Metal022_2K_Color.uasset" 21
"../../../../../../Users/Lextr/OneDrive/Documenti/Unreal Projects/GameBehaviour/Content/Assets/Textures/Misc/Metal022_2K_Displacement.uasset" 22
"../../../../../../Users/Lextr/OneDrive/Documenti/Unreal Projects/GameBehaviour/Content/Assets/Textures/Metal022_2K_Displacement.uasset" 23
"../../../../../../Users/Lextr/OneDrive/Documenti/Unreal Projects/GameBehaviour/Content/Assets/Textures/Misc/Metal022_2K_Metalness.uasset" 24
"../../../../../../Users/Lextr/OneDrive/Documenti/Unreal Projects/GameBehaviour/Content/Assets/Textures/Metal022_2K_Metalness.uasset" 25
"../../../../../../Users/Lextr/OneDrive/Documenti/Unreal Projects/GameBehaviour/Content/Assets/Textures/Misc/Metal022_2K_Normal.uasset" 26
"../../../../../../Users/Lextr/OneDrive/Documenti/Unreal Projects/GameBehaviour/Content/Assets/Textures/Metal022_2K_Normal.uasset" 27
"../../../../../../Users/Lextr/OneDrive/Documenti/Unreal Projects/GameBehaviour/Content/Assets/Textures/Misc/Metal022_2K_Roughness.uasset" 28
"../../../../../../Users/Lextr/OneDrive/Documenti/Unreal Projects/GameBehaviour/Content/Assets/Textures/Metal022_2K_Roughness.uasset" 29
"../../../../../../Users/Lextr/OneDrive/Documenti/Unreal Projects/GameBehaviour/Content/Assets/Textures/Misc/moss_terrain.uasset" 30
"../../../../../../Users/Lextr/OneDrive/Documenti/Unreal Projects/GameBehaviour/Content/Assets/Textures/moss_terrain.uasset" 31
"../../../../../../Users/Lextr/OneDrive/Documenti/Unreal Projects/GameBehaviour/Content/Assets/Textures/UI/Remove.uasset" 32
"../../../../../../Users/Lextr/OneDrive/Documenti/Unreal Projects/GameBehaviour/Content/Assets/Textures/Remove.uasset" 33
"../../../../../../Users/Lextr/OneDrive/Documenti/Unreal Projects/GameBehaviour/Content/Assets/Textures/UI/RemoveAll.uasset" 34
"../../../../../../Users/Lextr/OneDrive/Documenti/Unreal Projects/GameBehaviour/Content/Assets/Textures/RemoveAll.uasset" 35
"../../../../../../Users/Lextr/OneDrive/Documenti/Unreal Projects/GameBehaviour/Content/Assets/Textures/UI/RemovePart.uasset" 36
"../../../../../../Users/Lextr/OneDrive/Documenti/Unreal Projects/GameBehaviour/Content/Assets/Textures/RemovePart.uasset" 37
"../../../../../../Users/Lextr/OneDrive/Documenti/Unreal Projects/GameBehaviour/Content/Assets/Textures/UI/RocketPad.uasset" 38
"../../../../../../Users/Lextr/OneDrive/Documenti/Unreal Projects/GameBehaviour/Content/Assets/Textures/RocketPad.uasset" 39
"../../../../../../Users/Lextr/OneDrive/Documenti/Unreal Projects/GameBehaviour/Content/Assets/Textures/UI/Root.uasset" 40
"../../../../../../Users/Lextr/OneDrive/Documenti/Unreal Projects/GameBehaviour/Content/Assets/Textures/Root.uasset" 41
"../../../../../../Users/Lextr/OneDrive/Documenti/Unreal Projects/GameBehaviour/Content/Assets/Textures/Misc/sand_terrain.uasset" 42
"../../../../../../Users/Lextr/OneDrive/Documenti/Unreal Projects/GameBehaviour/Content/Assets/Textures/sand_terrain.uasset" 43
"../../../../../../Users/Lextr/OneDrive/Documenti/Unreal Projects/GameBehaviour/Content/Assets/Textures/UI/Tank.uasset" 44
"../../../../../../Users/Lextr/OneDrive/Documenti/Unreal Projects/GameBehaviour/Content/Assets/Textures/Tank.uasset" 45
"../../../../../../Users/Lextr/OneDrive/Documenti/Unreal Projects/GameBehaviour/Content/Assets/Textures/Misc/ThrusterEffect.uasset" 46
"../../../../../../Users/Lextr/OneDrive/Documenti/Unreal Projects/GameBehaviour/Content/Assets/Textures/ThrusterEffect.uasset" 47
"../../../../../../Users/Lextr/OneDrive/Documenti/Unreal Projects/GameBehaviour/Content/Assets/Textures/Misc/venus_test.uasset" 48
"../../../../../../Users/Lextr/OneDrive/Documenti/Unreal Projects/GameBehaviour/Content/Assets/Textures/venus_test.uasset" 49
"../../../Engine/Content/Functions/Engine_MaterialFunctions02/Utility/MakeFloat2.uasset" 50
"../../../Engine/Content/Functions/Engine_MaterialFunctions02/Utility/VectorLength.uasset" 51
"../../../Engine/Content/Functions/Engine_MaterialFunctions02/WorldPositionOffset/ObjectScale.uasset" 52
"../../../../../../Users/Lextr/OneDrive/Documenti/Unreal Projects/GameBehaviour/Content/Assets/Textures/Atmospheres/atmo_Ratha.uasset" 53
"../../../../../../Users/Lextr/OneDrive/Documenti/Unreal Projects/GameBehaviour/Content/Assets/Shaders/Atmosphere.uasset" 54
"../../../../../../Users/Lextr/OneDrive/Documenti/Unreal Projects/GameBehaviour/Content/Assets/Shaders/Planet.uasset" 55
"../../../../../../Users/Lextr/OneDrive/Documenti/Unreal Projects/GameBehaviour/Content/Assets/Materials/2_Ratha/Ratha_Atmo.uasset" 56
"../../../../../../Users/Lextr/OneDrive/Documenti/Unreal Projects/GameBehaviour/Content/Assets/Materials/2_Ratha/Ratha_Planet.uasset" 57
"../../../Engine/Content/Functions/Engine_MaterialFunctions01/Opacity/CameraDepthFade.uasset" 58
"../../../Engine/Content/EngineMaterials/T_Default_Material_Grid_M.uasset" 59
"../../../Engine/Content/EngineMaterials/T_Default_Material_Grid_N.uasset" 60
"../../../Engine/Content/EngineMaterials/WorldGridMaterial.uasset" 61
"../../../../../../Users/Lextr/OneDrive/Documenti/Unreal Projects/GameBehaviour/Content/Assets/Models/Atmosphere.uasset" 62
"../../../../../../Users/Lextr/OneDrive/Documenti/Unreal Projects/GameBehaviour/Content/Assets/Models/Planet.uasset" 63
"../../../../../../Users/Lextr/OneDrive/Documenti/Unreal Projects/GameBehaviour/Content/Blueprint/Actors/Planets/2_Ratha.uasset" 64
"../../../../../../Users/Lextr/OneDrive/Documenti/Unreal Projects/GameBehaviour/Content/Blueprint/Actors/Planets/1_Ratha.uasset" 65
"../../../../../../Users/Lextr/OneDrive/Documenti/Unreal Projects/GameBehaviour/Content/Blueprint/Actors/Ratha.uasset" 66
"../../../../../../Users/Lextr/OneDrive/Documenti/Unreal Projects/GameBehaviour/Content/Blueprint/Actors/Planet.uasset" 67
"../../../Engine/Content/EditorBlueprintResources/StandardMacros.uasset" 68
"../../../../../../Users/Lextr/OneDrive/Documenti/Unreal Projects/GameBehaviour/Content/Blueprint/Actors/SelfDestructingParticleSystem.uasset" 69
"../../../../../../Users/Lextr/OneDrive/Documenti/Unreal Projects/GameBehaviour/Content/StarterContent/Textures/T_Burst_M.uasset" 70
"../../../../../../Users/Lextr/OneDrive/Documenti/Unreal Projects/GameBehaviour/Content/StarterContent/Particles/Materials/M_Burst.uasset" 71
"../../../../../../Users/Lextr/OneDrive/Documenti/Unreal Projects/GameBehaviour/Content/StarterContent/Textures/T_Explosion_SubUV.uasset" 72
"../../../../../../Users/Lextr/OneDrive/Documenti/Unreal Projects/GameBehaviour/Content/StarterContent/Particles/Materials/M_explosion_subUV.uasset" 73
"../../../../../../Users/Lextr/OneDrive/Documenti/Unreal Projects/GameBehaviour/Content/StarterContent/Particles/Materials/m_flare_01.uasset" 74
"../../../Engine/Content/Functions/Engine_MaterialFunctions01/Gradient/RadialGradient.uasset" 75
"../../../../../../Users/Lextr/OneDrive/Documenti/Unreal Projects/GameBehaviour/Content/StarterContent/Particles/Materials/M_radial_ramp.uasset" 76
"../../../../../../Users/Lextr/OneDrive/Documenti/Unreal Projects/GameBehaviour/Content/StarterContent/Particles/P_Explosion.uasset" 77
"../../../../../../Users/Lextr/OneDrive/Documenti/Unreal Projects/GameBehaviour/Content/Blueprint/Actors/Explosion.uasset" 78
"../../../../../../Users/Lextr/OneDrive/Documenti/Unreal Projects/GameBehaviour/Content/Blueprint/Base/RocketPart.uasset" 79
"../../../../../../Users/Lextr/OneDrive/Documenti/Unreal Projects/GameBehaviour/Content/Assets/Shaders/RocketPart.uasset" 80
"../../../../../../Users/Lextr/OneDrive/Documenti/Unreal Projects/GameBehaviour/Content/Assets/Materials/Misc/RocketTank.uasset" 81
"../../../../../../Users/Lextr/OneDrive/Documenti/Unreal Projects/GameBehaviour/Content/Assets/Models/Missile_Fuselage.uasset" 82
"../../../../../../Users/Lextr/OneDrive/Documenti/Unreal Projects/GameBehaviour/Content/Blueprint/Components/Rocket_FuelModule.uasset" 83
"../../../../../../Users/Lextr/OneDrive/Documenti/Unreal Projects/GameBehaviour/Content/Assets/Materials/Misc/Base.uasset" 84
"../../../../../../Users/Lextr/OneDrive/Documenti/Unreal Projects/GameBehaviour/Content/Assets/Materials/Misc/Black.uasset" 85
"../../../../../../Users/Lextr/OneDrive/Documenti/Unreal Projects/GameBehaviour/Content/Assets/Materials/Misc/Metal.uasset" 86
"../../../../../../Users/Lextr/OneDrive/Documenti/Unreal Projects/GameBehaviour/Content/Assets/Materials/Misc/Red.uasset" 87
"../../../../../../Users/Lextr/OneDrive/Documenti/Unreal Projects/GameBehaviour/Content/Assets/Shaders/RocketEffect.uasset" 88
"../../../../../../Users/Lextr/OneDrive/Documenti/Unreal Projects/GameBehaviour/Content/Assets/Materials/Misc/RocketThruster.uasset" 89
"../../../../../../Users/Lextr/OneDrive/Documenti/Unreal Projects/GameBehaviour/Content/Assets/Models/Missile_Clamps.uasset" 90
"../../../../../../Users/Lextr/OneDrive/Documenti/Unreal Projects/GameBehaviour/Content/Assets/Models/Missile_Effect.uasset" 91
"../../../../../../Users/Lextr/OneDrive/Documenti/Unreal Projects/GameBehaviour/Content/Assets/Models/Missile_Thruster.uasset" 92
"../../../../../../Users/Lextr/OneDrive/Documenti/Unreal Projects/GameBehaviour/Content/Blueprint/Components/Rocket_EngineModule.uasset" 93
"../../../../../../Users/Lextr/OneDrive/Documenti/Unreal Projects/GameBehaviour/Content/Assets/Materials/Misc/RocketPod.uasset" 94
"../../../../../../Users/Lextr/OneDrive/Documenti/Unreal Projects/GameBehaviour/Content/Assets/Models/Missile_Core.uasset" 95
"../../../../../../Users/Lextr/OneDrive/Documenti/Unreal Projects/GameBehaviour/Content/Blueprint/Components/Rocket_CoreModule.uasset" 96
"../../../../../../Users/Lextr/OneDrive/Documenti/Unreal Projects/GameBehaviour/Content/Assets/Textures/UI/MissileTracker.uasset" 97
"../../../../../../Users/Lextr/OneDrive/Documenti/Unreal Projects/GameBehaviour/Content/Assets/Textures/UI/MissileTrackerDanger.uasset" 98
"../../../../../../Users/Lextr/OneDrive/Documenti/Unreal Projects/GameBehaviour/Content/Blueprint/UI/MissileTracker.uasset" 99
"../../../../../../Users/Lextr/OneDrive/Documenti/Unreal Projects/GameBehaviour/Content/Blueprint/UI/CraftSlot.uasset" 100
"../../../Engine/Content/EngineResources/DefaultTexture.uasset" 101
"../../../../../../Users/Lextr/OneDrive/Documenti/Unreal Projects/GameBehaviour/Content/Assets/Materials/Misc/UI_RT.uasset" 102
"../../../../../../Users/Lextr/OneDrive/Documenti/Unreal Projects/GameBehaviour/Content/Assets/Textures/UI/Inferno.uasset" 103
"../../../../../../Users/Lextr/OneDrive/Documenti/Unreal Projects/GameBehaviour/Content/Blueprint/UI/PlanetSlot.uasset" 104
"../../../../../../Users/Lextr/OneDrive/Documenti/Unreal Projects/GameBehaviour/Content/Assets/Textures/UI/Tracker.uasset" 105
"../../../../../../Users/Lextr/OneDrive/Documenti/Unreal Projects/GameBehaviour/Content/Blueprint/UI/PlanetTracker.uasset" 106
"../../../../../../Users/Lextr/OneDrive/Documenti/Unreal Projects/GameBehaviour/Content/Blueprint/UI/SolarSystemUI.uasset" 107
"../../../../../../Users/Lextr/OneDrive/Documenti/Unreal Projects/GameBehaviour/Content/Blueprint/Actors/AIRockets/AIRocket.uasset" 108
"../../../../../../Users/Lextr/OneDrive/Documenti/Unreal Projects/GameBehaviour/Content/Blueprint/Actors/AIRockets/DoubleTank.uasset" 109
"../../../../../../Users/Lextr/OneDrive/Documenti/Unreal Projects/GameBehaviour/Content/Blueprint/Actors/AIRockets/SingleTank.uasset" 110
"../../../../../../Users/Lextr/OneDrive/Documenti/Unreal Projects/GameBehaviour/Content/Blueprint/Actors/AIRockets/TripleTank.uasset" 111
"../../../../../../Users/Lextr/OneDrive/Documenti/Unreal Projects/GameBehaviour/Content/Blueprint/Actors/Agent.uasset" 112
"../../../../../../Users/Lextr/OneDrive/Documenti/Unreal Projects/GameBehaviour/Content/Assets/Shaders/Corona.uasset" 113
"../../../../../../Users/Lextr/OneDrive/Documenti/Unreal Projects/GameBehaviour/Content/Assets/Materials/0_Sun/Sun_Corona.uasset" 114
"../../../../../../Users/Lextr/OneDrive/Documenti/Unreal Projects/GameBehaviour/Content/Assets/Shaders/Star.uasset" 115
"../../../../../../Users/Lextr/OneDrive/Documenti/Unreal Projects/GameBehaviour/Content/Assets/Materials/0_Sun/Sun_Star.uasset" 116
"../../../../../../Users/Lextr/OneDrive/Documenti/Unreal Projects/GameBehaviour/Content/Blueprint/Actors/Planets/0_Sun.uasset" 117
"../../../../../../Users/Lextr/OneDrive/Documenti/Unreal Projects/GameBehaviour/Content/Assets/Textures/Atmospheres/atmo_Theta.uasset" 118
"../../../../../../Users/Lextr/OneDrive/Documenti/Unreal Projects/GameBehaviour/Content/Assets/Materials/1_Theta/Theta_Atmo.uasset" 119
"../../../../../../Users/Lextr/OneDrive/Documenti/Unreal Projects/GameBehaviour/Content/Assets/Materials/1_Theta/Theta_Planet.uasset" 120
"../../../../../../Users/Lextr/OneDrive/Documenti/Unreal Projects/GameBehaviour/Content/Blueprint/Actors/Planets/1_Theta.uasset" 121
"../../../../../../Users/Lextr/OneDrive/Documenti/Unreal Projects/GameBehaviour/Content/Assets/Textures/Atmospheres/atmo_Euclid.uasset" 122
"../../../../../../Users/Lextr/OneDrive/Documenti/Unreal Projects/GameBehaviour/Content/Assets/Materials/3_Euclid/Euclid_Atmo.uasset" 123
"../../../../../../Users/Lextr/OneDrive/Documenti/Unreal Projects/GameBehaviour/Content/Assets/Materials/3_Euclid/Euclid_Planet.uasset" 124
"../../../../../../Users/Lextr/OneDrive/Documenti/Unreal Projects/GameBehaviour/Content/Blueprint/Actors/Planets/3_Euclid.uasset" 125
"../../../../../../Users/Lextr/OneDrive/Documenti/Unreal Projects/GameBehaviour/Content/Assets/Textures/Atmospheres/atmo_Ra.uasset" 126
"../../../../../../Users/Lextr/OneDrive/Documenti/Unreal Projects/GameBehaviour/Content/Assets/Materials/4_Ra/Ra_Atmo.uasset" 127
"../../../../../../Users/Lextr/OneDrive/Documenti/Unreal Projects/GameBehaviour/Content/Assets/Materials/4_Ra/Ra_Planet.uasset" 128
"../../../../../../Users/Lextr/OneDrive/Documenti/Unreal Projects/GameBehaviour/Content/Blueprint/Actors/Planets/4_Ra.uasset" 129
"../../../../../../Users/Lextr/OneDrive/Documenti/Unreal Projects/GameBehaviour/Content/Assets/Textures/Atmospheres/atmo_Sonic.uasset" 130
"../../../../../../Users/Lextr/OneDrive/Documenti/Unreal Projects/GameBehaviour/Content/Assets/Materials/5_Sonic/Sonic_Atmo.uasset" 131
"../../../../../../Users/Lextr/OneDrive/Documenti/Unreal Projects/GameBehaviour/Content/Assets/Materials/5_Sonic/Sonic_Planet.uasset" 132
"../../../../../../Users/Lextr/OneDrive/Documenti/Unreal Projects/GameBehaviour/Content/Assets/Audio/Attenuation.uasset" 133
"../../../../../../Users/Lextr/OneDrive/Documenti/Unreal Projects/GameBehaviour/Content/Assets/ClassicalMusic/sonic.uasset" 134
"../../../../../../Users/Lextr/OneDrive/Documenti/Unreal Projects/GameBehaviour/Content/Blueprint/Actors/Planets/5_Sonic.uasset" 135
"../../../../../../Users/Lextr/OneDrive/Documenti/Unreal Projects/GameBehaviour/Content/Blueprint/Enum/CameraMode.uasset" 136
"../../../../../../Users/Lextr/OneDrive/Documenti/Unreal Projects/GameBehaviour/Content/Blueprint/UI/GameOver.uasset" 137
"../../../../../../Users/Lextr/OneDrive/Documenti/Unreal Projects/GameBehaviour/Content/Blueprint/Actors/PlayerSystem.uasset" 138
"../../../../../../Users/Lextr/OneDrive/Documenti/Unreal Projects/GameBehaviour/Content/Assets/Textures/UI/Prograde.uasset" 139
"../../../../../../Users/Lextr/OneDrive/Documenti/Unreal Projects/GameBehaviour/Content/Assets/Shaders/Grade.uasset" 140
"../../../../../../Users/Lextr/OneDrive/Documenti/Unreal Projects/GameBehaviour/Content/Assets/Materials/Misc/ProGrade.uasset" 141
"../../../../../../Users/Lextr/OneDrive/Documenti/Unreal Projects/GameBehaviour/Content/Assets/Textures/UI/Backward.uasset" 142
"../../../../../../Users/Lextr/OneDrive/Documenti/Unreal Projects/GameBehaviour/Content/Assets/Materials/Misc/Backward.uasset" 143
"../../../../../../Users/Lextr/OneDrive/Documenti/Unreal Projects/GameBehaviour/Content/Assets/Textures/UI/Forward.uasset" 144
"../../../../../../Users/Lextr/OneDrive/Documenti/Unreal Projects/GameBehaviour/Content/Assets/Materials/Misc/Forward.uasset" 145
"../../../../../../Users/Lextr/OneDrive/Documenti/Unreal Projects/GameBehaviour/Content/Assets/Textures/UI/Retrograde.uasset" 146
"../../../../../../Users/Lextr/OneDrive/Documenti/Unreal Projects/GameBehaviour/Content/Assets/Materials/Misc/RetroGrade.uasset" 147
"../../../../../../Users/Lextr/OneDrive/Documenti/Unreal Projects/GameBehaviour/Content/Assets/Materials/Misc/RocketMarker.uasset" 148
"../../../../../../Users/Lextr/OneDrive/Documenti/Unreal Projects/GameBehaviour/Content/Assets/Shaders/Material.uasset" 149
"../../../../../../Users/Lextr/OneDrive/Documenti/Unreal Projects/GameBehaviour/Content/Assets/Models/Material.uasset" 150
"../../../../../../Users/Lextr/OneDrive/Documenti/Unreal Projects/GameBehaviour/Content/Assets/Models/Missile_Marker.uasset" 151
"../../../../../../Users/Lextr/OneDrive/Documenti/Unreal Projects/GameBehaviour/Content/Assets/Physics/Rocket.uasset" 152
"../../../../../../Users/Lextr/OneDrive/Documenti/Unreal Projects/GameBehaviour/Content/Assets/Textures/UI/FuelGauge.uasset" 153
"../../../../../../Users/Lextr/OneDrive/Documenti/Unreal Projects/GameBehaviour/Content/Assets/Textures/UI/Gauge.uasset" 154
"../../../../../../Users/Lextr/OneDrive/Documenti/Unreal Projects/GameBehaviour/Content/Blueprint/UI/FuelGauge.uasset" 155
"../../../../../../Users/Lextr/OneDrive/Documenti/Unreal Projects/GameBehaviour/Content/Blueprint/UI/RocketUI.uasset" 156
"../../../../../../Users/Lextr/OneDrive/Documenti/Unreal Projects/GameBehaviour/Content/StarterContent/Materials/M_Basic_Wall.uasset" 157
"../../../../../../Users/Lextr/OneDrive/Documenti/Unreal Projects/GameBehaviour/Content/StarterContent/Shapes/Shape_Plane.uasset" 158
"../../../../../../Users/Lextr/OneDrive/Documenti/Unreal Projects/GameBehaviour/Content/Blueprint/Actors/Rocket.uasset" 159
"../../../../../../Users/Lextr/OneDrive/Documenti/Unreal Projects/GameBehaviour/Content/Blueprint/Actors/RocketBuilder.uasset" 160
"../../../../../../Users/Lextr/OneDrive/Documenti/Unreal Projects/GameBehaviour/Content/Blueprint/Actors/RocketEditor.uasset" 161
"../../../../../../Users/Lextr/OneDrive/Documenti/Unreal Projects/GameBehaviour/Content/Blueprint/Actors/SampleSpacecraft.uasset" 162
"../../../../../../Users/Lextr/OneDrive/Documenti/Unreal Projects/GameBehaviour/Content/Blueprint/Actors/Sun.uasset" 163
"../../../../../../Users/Lextr/OneDrive/Documenti/Unreal Projects/GameBehaviour/Content/Blueprint/Actors/Tetha.uasset" 164
"../../../../../../Users/Lextr/OneDrive/Documenti/Unreal Projects/GameBehaviour/Content/SpaceSkyboxes/Textures/num6.uasset" 165
"../../../../../../Users/Lextr/OneDrive/Documenti/Unreal Projects/GameBehaviour/Content/SpaceSkyboxes/Materials/M_MasterSkyBox.uasset" 166
"../../../../../../Users/Lextr/OneDrive/Documenti/Unreal Projects/GameBehaviour/Content/SpaceSkyboxes/Textures/num1.uasset" 167
"../../../../../../Users/Lextr/OneDrive/Documenti/Unreal Projects/GameBehaviour/Content/SpaceSkyboxes/Materials/M_num1.uasset" 168
"../../../../../../Users/Lextr/OneDrive/Documenti/Unreal Projects/GameBehaviour/Content/SpaceSkyboxes/Textures/num2.uasset" 169
"../../../../../../Users/Lextr/OneDrive/Documenti/Unreal Projects/GameBehaviour/Content/SpaceSkyboxes/Materials/M_num2.uasset" 170
"../../../../../../Users/Lextr/OneDrive/Documenti/Unreal Projects/GameBehaviour/Content/SpaceSkyboxes/Textures/num4.uasset" 171
"../../../../../../Users/Lextr/OneDrive/Documenti/Unreal Projects/GameBehaviour/Content/SpaceSkyboxes/Materials/M_num4.uasset" 172
"../../../../../../Users/Lextr/OneDrive/Documenti/Unreal Projects/GameBehaviour/Content/SpaceSkyboxes/Textures/num5.uasset" 173
"../../../../../../Users/Lextr/OneDrive/Documenti/Unreal Projects/GameBehaviour/Content/SpaceSkyboxes/Materials/M_num5.uasset" 174
"../../../../../../Users/Lextr/OneDrive/Documenti/Unreal Projects/GameBehaviour/Content/SpaceSkyboxes/Materials/M_num6.uasset" 175
"../../../../../../Users/Lextr/OneDrive/Documenti/Unreal Projects/GameBehaviour/Content/SpaceSkyboxes/Textures/num8.uasset" 176
"../../../../../../Users/Lextr/OneDrive/Documenti/Unreal Projects/GameBehaviour/Content/SpaceSkyboxes/Materials/M_num8.uasset" 177
"../../../../../../Users/Lextr/OneDrive/Documenti/Unreal Projects/GameBehaviour/Content/StarterContent/Architecture/Pillar_50x500.uasset" 178
"../../../../../../Users/Lextr/OneDrive/Documenti/Unreal Projects/GameBehaviour/Content/StarterContent/Architecture/Wall_400x300.uasset" 179
"../../../../../../Users/Lextr/OneDrive/Documenti/Unreal Projects/GameBehaviour/Content/StarterContent/Architecture/Wall_400x400.uasset" 180
"../../../../../../Users/Lextr/OneDrive/Documenti/Unreal Projects/GameBehaviour/Content/StarterContent/Architecture/Wall_500x500.uasset" 181
"../../../../../../Users/Lextr/OneDrive/Documenti/Unreal Projects/GameBehaviour/Content/StarterContent/Architecture/Wall_Door_400x400.uasset" 182
"../../../../../../Users/Lextr/OneDrive/Documenti/Unreal Projects/GameBehaviour/Content/StarterContent/Architecture/Wall_Window_400x400.uasset" 183
"../../../../../../Users/Lextr/OneDrive/Documenti/Unreal Projects/GameBehaviour/Content/StarterContent/Audio/Collapse01.uasset" 184
"../../../../../../Users/Lextr/OneDrive/Documenti/Unreal Projects/GameBehaviour/Content/StarterContent/Audio/Collapse02.uasset" 185
"../../../../../../Users/Lextr/OneDrive/Documenti/Unreal Projects/GameBehaviour/Content/StarterContent/Audio/Explosion01.uasset" 186
"../../../../../../Users/Lextr/OneDrive/Documenti/Unreal Projects/GameBehaviour/Content/StarterContent/Audio/Explosion02.uasset" 187
"../../../../../../Users/Lextr/OneDrive/Documenti/Unreal Projects/GameBehaviour/Content/StarterContent/Audio/Fire01.uasset" 188
"../../../../../../Users/Lextr/OneDrive/Documenti/Unreal Projects/GameBehaviour/Content/StarterContent/Audio/Fire_Sparks01.uasset" 189
"../../../../../../Users/Lextr/OneDrive/Documenti/Unreal Projects/GameBehaviour/Content/StarterContent/Audio/Light01.uasset" 190
"../../../../../../Users/Lextr/OneDrive/Documenti/Unreal Projects/GameBehaviour/Content/StarterContent/Audio/Light01_Cue.uasset" 191
"../../../../../../Users/Lextr/OneDrive/Documenti/Unreal Projects/GameBehaviour/Content/StarterContent/Audio/Light02.uasset" 192
"../../../../../../Users/Lextr/OneDrive/Documenti/Unreal Projects/GameBehaviour/Content/StarterContent/Audio/Light02_Cue.uasset" 193
"../../../../../../Users/Lextr/OneDrive/Documenti/Unreal Projects/GameBehaviour/Content/StarterContent/Audio/Smoke01.uasset" 194
"../../../../../../Users/Lextr/OneDrive/Documenti/Unreal Projects/GameBehaviour/Content/StarterContent/Audio/Starter_Birds01.uasset" 195
"../../../../../../Users/Lextr/OneDrive/Documenti/Unreal Projects/GameBehaviour/Content/StarterContent/Audio/Starter_Music01.uasset" 196
"../../../../../../Users/Lextr/OneDrive/Documenti/Unreal Projects/GameBehaviour/Content/StarterContent/Audio/Starter_Wind05.uasset" 197
"../../../../../../Users/Lextr/OneDrive/Documenti/Unreal Projects/GameBehaviour/Content/StarterContent/Audio/Starter_Wind06.uasset" 198
"../../../../../../Users/Lextr/OneDrive/Documenti/Unreal Projects/GameBehaviour/Content/StarterContent/Audio/Steam01.uasset" 199
"../../../../../../Users/Lextr/OneDrive/Documenti/Unreal Projects/GameBehaviour/Content/StarterContent/Audio/Explosion_Cue.uasset" 200
"../../../../../../Users/Lextr/OneDrive/Documenti/Unreal Projects/GameBehaviour/Content/StarterContent/Blueprints/Blueprint_Effect_Explosion.uasset" 201
"../../../Engine/Content/EditorMeshes/ColorCalibrator/T_ColorGrid.uasset" 202
"../../../../../../Users/Lextr/OneDrive/Documenti/Unreal Projects/GameBehaviour/Content/StarterContent/Materials/M_ColorGrid_LowSpec.uasset" 203
"../../../../../../Users/Lextr/OneDrive/Documenti/Unreal Projects/GameBehaviour/Content/StarterContent/Textures/T_Bush_D.uasset" 204
"../../../../../../Users/Lextr/OneDrive/Documenti/Unreal Projects/GameBehaviour/Content/StarterContent/Textures/T_Bush_N.uasset" 205
"../../../../../../Users/Lextr/OneDrive/Documenti/Unreal Projects/GameBehaviour/Content/StarterContent/Props/Materials/M_Bush.uasset" 206
"../../../../../../Users/Lextr/OneDrive/Documenti/Unreal Projects/GameBehaviour/Content/StarterContent/Props/SM_Bush.uasset" 207
"../../../../../../Users/Lextr/OneDrive/Documenti/Unreal Projects/GameBehaviour/Content/StarterContent/Textures/T_Chair_M.uasset" 208
"../../../../../../Users/Lextr/OneDrive/Documenti/Unreal Projects/GameBehaviour/Content/StarterContent/Textures/T_Chair_N.uasset" 209
"../../../../../../Users/Lextr/OneDrive/Documenti/Unreal Projects/GameBehaviour/Content/StarterContent/Props/Materials/M_Chair.uasset" 210
"../../../../../../Users/Lextr/OneDrive/Documenti/Unreal Projects/GameBehaviour/Content/StarterContent/Props/SM_Couch.uasset" 211
"../../../../../../Users/Lextr/OneDrive/Documenti/Unreal Projects/GameBehaviour/Content/StarterContent/Materials/M_Glass.uasset" 212
"../../../../../../Users/Lextr/OneDrive/Documenti/Unreal Projects/GameBehaviour/Content/StarterContent/Textures/T_Door_M.uasset" 213
"../../../../../../Users/Lextr/OneDrive/Documenti/Unreal Projects/GameBehaviour/Content/StarterContent/Textures/T_Door_N.uasset" 214
"../../../../../../Users/Lextr/OneDrive/Documenti/Unreal Projects/GameBehaviour/Content/StarterContent/Props/Materials/M_Door.uasset" 215
"../../../../../../Users/Lextr/OneDrive/Documenti/Unreal Projects/GameBehaviour/Content/StarterContent/Props/SM_Door.uasset" 216
"../../../../../../Users/Lextr/OneDrive/Documenti/Unreal Projects/GameBehaviour/Content/StarterContent/Props/Materials/M_MaterialSphere.uasset" 217
"../../../../../../Users/Lextr/OneDrive/Documenti/Unreal Projects/GameBehaviour/Content/StarterContent/Props/Materials/M_MaterialSphere_Plain.uasset" 218
"../../../../../../Users/Lextr/OneDrive/Documenti/Unreal Projects/GameBehaviour/Content/StarterContent/Props/SM_MatPreviewMesh_02.uasset" 219
"../../../Engine/Content/Functions/Engine_MaterialFunctions02/Utility/BlendAngleCorrectedNormals.uasset" 220
"../../../../../../Users/Lextr/OneDrive/Documenti/Unreal Projects/GameBehaviour/Content/StarterContent/Textures/T_Detail_Rocky_N.uasset" 221
"../../../../../../Users/Lextr/OneDrive/Documenti/Unreal Projects/GameBehaviour/Content/StarterContent/Textures/T_Rock_Basalt_D.uasset" 222
"../../../../../../Users/Lextr/OneDrive/Documenti/Unreal Projects/GameBehaviour/Content/StarterContent/Textures/T_RockMesh_M.uasset" 223
"../../../../../../Users/Lextr/OneDrive/Documenti/Unreal Projects/GameBehaviour/Content/StarterContent/Textures/T_RockMesh_N.uasset" 224
"../../../../../../Users/Lextr/OneDrive/Documenti/Unreal Projects/GameBehaviour/Content/StarterContent/Props/Materials/M_Rock.uasset" 225
"../../../../../../Users/Lextr/OneDrive/Documenti/Unreal Projects/GameBehaviour/Content/StarterContent/Props/SM_Rock.uasset" 226
"../../../../../../Users/Lextr/OneDrive/Documenti/Unreal Projects/GameBehaviour/Content/StarterContent/Textures/T_Shelf_M.uasset" 227
"../../../../../../Users/Lextr/OneDrive/Documenti/Unreal Projects/GameBehaviour/Content/StarterContent/Textures/T_Shelf_N.uasset" 228
"../../../../../../Users/Lextr/OneDrive/Documenti/Unreal Projects/GameBehaviour/Content/StarterContent/Props/Materials/M_Shelf.uasset" 229
"../../../../../../Users/Lextr/OneDrive/Documenti/Unreal Projects/GameBehaviour/Content/StarterContent/Props/SM_Shelf.uasset" 230
"../../../../../../Users/Lextr/OneDrive/Documenti/Unreal Projects/GameBehaviour/Content/StarterContent/Materials/M_Basic_Floor.uasset" 231
"../../../../../../Users/Lextr/OneDrive/Documenti/Unreal Projects/GameBehaviour/Content/StarterContent/Props/SM_Stairs.uasset" 232
"../../../../../../Users/Lextr/OneDrive/Documenti/Unreal Projects/GameBehaviour/Content/StarterContent/Shapes/Shape_Cone.uasset" 233
"../../../../../../Users/Lextr/OneDrive/Documenti/Unreal Projects/GameBehaviour/Content/StarterContent/Shapes/Shape_Cylinder.uasset" 234
"../../../../../../Users/Lextr/OneDrive/Documenti/Unreal Projects/GameBehaviour/Content/StarterContent/Shapes/Shape_NarrowCapsule.uasset" 235
"../../../../../../Users/Lextr/OneDrive/Documenti/Unreal Projects/GameBehaviour/Content/StarterContent/Shapes/Shape_Pipe.uasset" 236
"../../../../../../Users/Lextr/OneDrive/Documenti/Unreal Projects/GameBehaviour/Content/StarterContent/Shapes/Shape_Pipe_180.uasset" 237
"../../../../../../Users/Lextr/OneDrive/Documenti/Unreal Projects/GameBehaviour/Content/StarterContent/Shapes/Shape_Pipe_90.uasset" 238
"../../../../../../Users/Lextr/OneDrive/Documenti/Unreal Projects/GameBehaviour/Content/StarterContent/Shapes/Shape_Torus.uasset" 239
"../../../../../../Users/Lextr/OneDrive/Documenti/Unreal Projects/GameBehaviour/Content/StarterContent/Shapes/Shape_Trim.uasset" 240
"../../../../../../Users/Lextr/OneDrive/Documenti/Unreal Projects/GameBehaviour/Content/StarterContent/Shapes/Shape_Trim_90_In.uasset" 241
"../../../../../../Users/Lextr/OneDrive/Documenti/Unreal Projects/GameBehaviour/Content/StarterContent/Shapes/Shape_Trim_90_Out.uasset" 242
"../../../../../../Users/Lextr/OneDrive/Documenti/Unreal Projects/GameBehaviour/Content/StarterContent/Shapes/Shape_TriPyramid.uasset" 243
"../../../../../../Users/Lextr/OneDrive/Documenti/Unreal Projects/GameBehaviour/Content/StarterContent/Shapes/Shape_Tube.uasset" 244
"../../../../../../Users/Lextr/OneDrive/Documenti/Unreal Projects/GameBehaviour/Content/StarterContent/Shapes/Shape_Wedge_A.uasset" 245
"../../../../../../Users/Lextr/OneDrive/Documenti/Unreal Projects/GameBehaviour/Content/StarterContent/Shapes/Shape_Wedge_B.uasset" 246
"../../../../../../Users/Lextr/OneDrive/Documenti/Unreal Projects/GameBehaviour/Content/StarterContent/Shapes/Shape_WideCapsule.uasset" 247
"../../../Engine/Content/Animation/DefaultAnimCurveCompressionSettings.uasset" 248
"../../../Engine/Content/ArtTools/RenderToTexture/Meshes/S_1_Unit_Plane.uasset" 249
"../../../Engine/Content/EngineMaterials/DefaultMaterial.uasset" 250
"../../../Engine/Content/BasicShapes/Cone.uasset" 251
"../../../Engine/Content/BasicShapes/Cube.uasset" 252
"../../../Engine/Content/BasicShapes/Cylinder.uasset" 253
"../../../Engine/Content/BasicShapes/Sphere.uasset" 254
"../../../Engine/Content/EditorLandscapeResources/DataLayer.uasset" 255
"../../../Engine/Content/EditorMaterials/MAT_Groups_Toggle.uasset" 256
"../../../Engine/Content/EditorMaterials/MAT_Groups_Visibility.uasset" 257
"../../../Engine/Content/EditorMaterials/PreviewShadowIndicator.uasset" 258
"../../../Engine/Content/EditorMaterials/PreviewShadowIndicatorMaterial.uasset" 259
"../../../Engine/Content/EditorMaterials/MatineeGroups/MAT_ColorTrack.uasset" 260
"../../../Engine/Content/EditorMaterials/MatineeGroups/MAT_Groups_Anim.uasset" 261
"../../../Engine/Content/EditorMaterials/MatineeGroups/MAT_Groups_AudioMaster.uasset" 262
"../../../Engine/Content/EditorMaterials/MatineeGroups/MAT_Groups_Director.uasset" 263
"../../../Engine/Content/EditorMaterials/MatineeGroups/MAT_Groups_Event.uasset" 264
"../../../Engine/Content/EditorMaterials/MatineeGroups/MAT_Groups_Fade.uasset" 265
"../../../Engine/Content/EditorMaterials/MatineeGroups/MAT_Groups_Float.uasset" 266
"../../../Engine/Content/EditorMaterials/MatineeGroups/MAT_Groups_Move.uasset" 267
"../../../Engine/Content/EditorMaterials/MatineeGroups/MAT_Groups_Slomo.uasset" 268
"../../../Engine/Content/EditorMaterials/MatineeGroups/MAT_Groups_Sound.uasset" 269
"../../../Engine/Content/EditorMaterials/MatineeGroups/MAT_Groups_Vector.uasset" 270
"../../../Engine/Content/EditorMaterials/ParticleSystems/PSysThumbnail_NoImage.uasset" 271
"../../../Engine/Content/EditorMaterials/ParticleSystems/PSysThumbnail_OOD.uasset" 272
"../../../Engine/Content/EditorMaterials/Camera/CineMat.uasset" 273
"../../../Engine/Content/EditorMaterials/Camera/MI_CineMat_Rig.uasset" 274
"../../../Engine/Content/EditorMeshes/Camera/SM_CraneRig_Arm.uasset" 275
"../../../Engine/Content/EditorMeshes/Camera/SM_CraneRig_Base.uasset" 276
"../../../Engine/Content/EditorMeshes/Camera/SM_CraneRig_Body.uasset" 277
"../../../Engine/Content/EditorMeshes/Camera/SM_CraneRig_Mount.uasset" 278
"../../../Engine/Content/EditorMeshes/Camera/SM_RailRig_Mount.uasset" 279
"../../../Engine/Content/EditorMeshes/Camera/SM_RailRig_Track.uasset" 280
"../../../Engine/Content/EditorResources/BSPVertex.uasset" 281
"../../../Engine/Content/EditorResources/EmptyActor.uasset" 282
"../../../Engine/Content/EditorResources/S_Actor.uasset" 283
"../../../Engine/Content/EditorResources/S_Note.uasset" 284
"../../../Engine/Content/EditorResources/S_Solver.uasset" 285
"../../../Engine/Content/EditorResources/S_Trigger.uasset" 286
"../../../Engine/Content/EditorResources/AudioIcons/S_AudioComponent.uasset" 287
"../../../Engine/Content/EditorResources/AudioIcons/S_AudioComponent_AutoActivate.uasset" 288
"../../../Engine/Content/EditorResources/LightIcons/S_LightError.uasset" 289
"../../../Engine/Content/EditorResources/SequenceRecorder/Countdown.uasset" 290
"../../../Engine/Content/EditorResources/SequenceRecorder/RecordingIndicator.uasset" 291
"../../../Engine/Content/EditorSounds/Notifications/CompileFailed.uasset" 292
"../../../Engine/Content/EditorSounds/Notifications/CompileFailed_Cue.uasset" 293
"../../../Engine/Content/EditorSounds/Notifications/CompileSuccess.uasset" 294
"../../../Engine/Content/EditorSounds/Notifications/CompileStart_Cue.uasset" 295
"../../../Engine/Content/EditorSounds/Notifications/CompileSuccess_Cue.uasset" 296
"../../../Engine/Content/EngineDamageTypes/DmgTypeBP_Environmental.uasset" 297
"../../../Engine/Content/EngineDebugMaterials/DebugEditorMaterial.uasset" 298
"../../../Engine/Content/EngineDebugMaterials/DebugMeshMaterial.uasset" 299
"../../../Engine/Content/EngineDebugMaterials/M_SimpleUnlitTranslucent.uasset" 300
"../../../Engine/Content/Functions/Engine_MaterialFunctions02/Utility/CameraDirectionVector.uasset" 301
"../../../Engine/Content/EngineDebugMaterials/VolumeToRender.uasset" 302
"../../../Engine/Content/EngineDebugMaterials/M_VolumeRenderSphereTracePP.uasset" 303
"../../../Engine/Content/EngineDebugMaterials/WireframeMaterial.uasset" 304
"../../../Engine/Content/EngineFonts/Faces/DroidSansFallback.uasset" 305
"../../../Engine/Content/EngineFonts/Faces/RobotoBold.uasset" 306
"../../../Engine/Content/EngineFonts/Faces/RobotoBoldItalic.uasset" 307
"../../../Engine/Content/EngineFonts/Faces/RobotoItalic.uasset" 308
"../../../Engine/Content/EngineFonts/Faces/RobotoLight.uasset" 309
"../../../Engine/Content/EngineFonts/Faces/RobotoRegular.uasset" 310
"../../../Engine/Content/EngineFonts/Roboto.uasset" 311
"../../../Engine/Content/EngineMaterials/BaseFlattenDiffuseMap.uasset" 312
"../../../Engine/Content/EngineMaterials/BaseFlattenEmissiveMap.uasset" 313
"../../../Engine/Content/EngineMaterials/BaseFlattenGrayscaleMap.uasset" 314
"../../../Engine/Content/EngineMaterials/BaseFlattenNormalMap.uasset" 315
"../../../Engine/Content/EngineMaterials/BaseFlattenMaterial.uasset" 316
"../../../Engine/Content/EngineMaterials/BlueNoise.uasset" 317
"../../../Engine/Content/EngineMaterials/DefaultBloomKernel.uasset" 318
"../../../Engine/Content/EngineMaterials/DefaultBokeh.uasset" 319
"../../../Engine/Content/EngineMaterials/DefaultDiffuse.uasset" 320
"../../../Engine/Content/EngineMaterials/DefaultDeferredDecalMaterial.uasset" 321
"../../../Engine/Content/EngineMaterials/DefaultLightFunctionMaterial.uasset" 322
"../../../Engine/Content/EngineMaterials/DefaultPhysicalMaterial.uasset" 323
"../../../Engine/Content/Functions/Engine_MaterialFunctions02/Utility/BreakOutFloat2Components.uasset" 324
"../../../Engine/Content/EngineMaterials/DefaultPostProcessMaterial.uasset" 325
"../../../Engine/Content/EngineFonts/RobotoDistanceField.uasset" 326
"../../../Engine/Content/EngineMaterials/DefaultTextMaterialOpaque.uasset" 327
"../../../Engine/Content/EngineMaterials/DefaultWhiteGrid.uasset" 328
"../../../Engine/Content/EngineMaterials/DefaultWhiteGrid_Low.uasset" 329
"../../../Engine/Content/EngineMaterials/EmissiveMeshMaterial.uasset" 330
"../../../Engine/Content/EngineMaterials/GizmoMaterial.uasset" 331
"../../../Engine/Content/EngineMaterials/Good64x64TilingNoiseHighFreq.uasset" 332
"../../../Engine/Content/EngineMaterials/MiniFont.uasset" 333
"../../../Engine/Content/EngineMaterials/InvalidLightmapSettings.uasset" 334
"../../../Engine/Content/EngineMaterials/M_InvalidLightmapSettings.uasset" 335
"../../../Engine/Content/Functions/Engine_MaterialFunctions02/WorldPositionOffset/CameraOffset.uasset" 336
"../../../Engine/Content/EngineMaterials/PhAT_JointLimitMaterial.uasset" 337
"../../../Engine/Content/EngineMaterials/PreintegratedSkinBRDF.uasset" 338
"../../../Engine/Content/EngineMaterials/RemoveSurfaceMaterial.uasset" 339
"../../../Engine/Content/EngineMaterials/WeightMapPlaceholderTexture.uasset" 340
"../../../Engine/Content/EngineResources/WhiteSquareTexture.uasset" 341
"../../../Engine/Content/EngineMaterials/Widget3DPassThrough.uasset" 342
"../../../Engine/Content/EngineMaterials/Widget3DPassThrough_Masked.uasset" 343
"../../../Engine/Content/EngineMaterials/Widget3DPassThrough_Opaque.uasset" 344
"../../../Engine/Content/EngineMaterials/Widget3DPassThrough_Masked_OneSided.uasset" 345
"../../../Engine/Content/EngineMaterials/Widget3DPassThrough_Opaque_OneSided.uasset" 346
"../../../Engine/Content/EngineMaterials/Widget3DPassThrough_Translucent.uasset" 347
"../../../Engine/Content/EngineMaterials/Widget3DPassThrough_Translucent_OneSided.uasset" 348
"../../../Engine/Content/EngineMeshes/Cylinder.uasset" 349
"../../../Engine/Content/EngineMeshes/Sphere.uasset" 350
"../../../Engine/Content/EngineResources/Black.uasset" 351
"../../../Engine/Content/EngineResources/DefaultTextureCube.uasset" 352
"../../../Engine/Content/EngineResources/DefaultVolumeTexture2D.uasset" 353
"../../../Engine/Content/EngineResources/DefaultVolumeTexture.uasset" 354
"../../../Engine/Content/EngineResources/GradientTexture0.uasset" 355
"../../../Engine/Content/EngineSounds/Master.uasset" 356
"../../../Engine/Content/Functions/Engine_MaterialFunctions01/Shading/ConvertFromDiffSpec.uasset" 357
"../../../Engine/Content/Functions/Engine_MaterialFunctions01/Shading/PowerToRoughness.uasset" 358
"../../../Engine/Content/Maps/Templates/Thumbnails/Default.uasset" 359
"../../../Engine/Content/Maps/Templates/Thumbnails/TimeOfDay.uasset" 360
"../../../Engine/Content/Maps/Templates/Thumbnails/VR-Basic.uasset" 361
"../../../Engine/Content/MobileResources/T_MobileControls_texture.uasset" 362
"../../../Engine/Content/MobileResources/T_MobileMenu2.uasset" 363
"../../../Engine/Content/MobileResources/HUD/AnalogHat.uasset" 364
"../../../Engine/Content/MobileResources/HUD/VirtualJoystick_Background.uasset" 365
"../../../Engine/Content/MobileResources/HUD/VirtualJoystick_Thumb.uasset" 366
"../../../Engine/Content/MobileResources/HUD/DefaultVirtualJoysticks.uasset" 367
"../../../Engine/Content/MobileResources/HUD/LeftVirtualJoystickOnly.uasset" 368
"../../../Engine/Content/MobileResources/HUD/MobileHUDButton1_off.uasset" 369
"../../../Engine/Content/MobileResources/HUD/MobileHUDButton1_on.uasset" 370
"../../../Engine/Content/MobileResources/HUD/MobileHUDButton2_off.uasset" 371
"../../../Engine/Content/MobileResources/HUD/MobileHUDButton2_on.uasset" 372
"../../../Engine/Content/MobileResources/HUD/MobileHUDButton3.uasset" 373
"../../../Engine/Content/MobileResources/HUD/MobileHUDButtonFire.uasset" 374
"../../../Engine/Content/MobileResources/HUD/MobileHUDDirectionPad.uasset" 375
"../../../Engine/Content/MobileResources/HUD/MobileHUDDirectionPad2.uasset" 376
"../../../Engine/Content/MobileResources/HUD/MobileHUDDirectionPad3.uasset" 377
"../../../Engine/Content/MobileResources/HUD/MobileHUDDirectionStick.uasset" 378
"../../../Engine/Content/MobileResources/HUD/T_Castle_ThumbstickInner.uasset" 379
"../../../Engine/Content/MobileResources/HUD/T_Castle_ThumbstickOutter.uasset" 380
"../../../Engine/Content/Tutorial/ContentIntroCurve.uasset" 381
"../../../Engine/Content/Tutorial/Basics/LevelEditorAttract.uasset" 382
"../../../Engine/Content/Tutorial/Basics/TutorialAssets/icon_tab_Levels_40x.uasset" 383
"../../../Engine/Content/Tutorial/Basics/LevelEditorOverview.uasset" 384
"../../../Engine/Content/VREditor/LaserPointer/VR_LaserPower_01.uasset" 385
"../../../Engine/Content/VREditor/TransformGizmo/TransformGizmoMaterial.uasset" 386
"../../../Engine/Content/VREditor/TransformGizmo/TranslucentTransformGizmoMaterial.uasset" 387
"../../../Engine/Content/VREditor/TransformGizmo/BoundingBoxCorner.uasset" 388
"../../../Engine/Content/VREditor/TransformGizmo/BoundingBoxEdge.uasset" 389
"../../../Engine/Content/VREditor/TransformGizmo/PlaneTranslationHandle.uasset" 390
"../../../Engine/Content/VREditor/TransformGizmo/Main.uasset" 391
"../../../Engine/Content/VREditor/TransformGizmo/Xray.uasset" 392
"../../../Engine/Content/VREditor/TransformGizmo/SM_Sequencer_Key.uasset" 393
"../../../Engine/Content/VREditor/TransformGizmo/SM_Sequencer_Node.uasset" 394
"../../Plugins/2D/Paper2D/Content/PlaceholderTextures/DummySpriteTexture.uasset" 395
"../../Plugins/2D/Paper2D/Content/DummySprite.uasset" 396
"../../Plugins/2D/Paper2D/Content/DefaultPaperTerrainMaterial.uasset" 397
"../../Plugins/2D/Paper2D/Content/DefaultSpriteMaterial.uasset" 398
"../../Plugins/2D/Paper2D/Content/MaskedUnlitSpriteMaterial.uasset" 399
"../../Plugins/2D/Paper2D/Content/OpaqueUnlitSpriteMaterial.uasset" 400
"../../Plugins/FX/Niagara/Content/Enums/ENiagaraBooleanLogicOps.uasset" 401
"../../Plugins/FX/Niagara/Content/Enums/ENiagaraCoordinateSpace.uasset" 402
"../../Plugins/FX/Niagara/Content/Enums/ENiagaraExpansionMode.uasset" 403
"../../Plugins/FX/Niagara/Content/Enums/ENiagaraOrientationAxis.uasset" 404
"../../Plugins/FX/Niagara/Content/Enums/ENiagaraRandomnessMode.uasset" 405
"../../../Engine/Content/Functions/Engine_MaterialFunctions02/Utility/BreakOutFloat4Components.uasset" 406
"../../../Engine/Content/Functions/Engine_MaterialFunctions02/Utility/MakeFloat3.uasset" 407
"../../Plugins/Runtime/Oculus/OculusVR/Content/Materials/OculusMR_ChromaKey.uasset" 408
"../../Plugins/Runtime/Oculus/OculusVR/Content/Materials/OculusMR_ChromaKey_Lit.uasset" 409
"../../Plugins/Runtime/Oculus/OculusVR/Content/Materials/OculusMR_OpaqueColoredMaterial.uasset" 410
"../../Plugins/Runtime/Oculus/OculusVR/Content/Materials/OculusMR_WhiteMaterial.uasset" 411
"../../../../../../Users/Lextr/OneDrive/Documenti/Unreal Projects/GameBehaviour/Content/Blueprint/UI/RocketEditor.uasset" 412
"../../../../../../Users/Lextr/OneDrive/Documenti/Unreal Projects/GameBehaviour/Content/Blueprint/Actors/EditorController.uasset" 413
"../../../../../../Users/Lextr/OneDrive/Documenti/Unreal Projects/GameBehaviour/Content/Blueprint/Actors/Idle.uasset" 414
"../../../../../../Users/Lextr/OneDrive/Documenti/Unreal Projects/GameBehaviour/Content/Blueprint/GameMode_Default.uasset" 415
"../../../../../../Users/Lextr/OneDrive/Documenti/Unreal Projects/GameBehaviour/Content/Assets/Textures/UI/Grid.uasset" 416
"../../../../../../Users/Lextr/OneDrive/Documenti/Unreal Projects/GameBehaviour/Content/Assets/Textures/Grid.uasset" 417
"../../../../../../Users/Lextr/OneDrive/Documenti/Unreal Projects/GameBehaviour/Content/Assets/Shaders/EditorGrid.uasset" 418
"../../../../../../Users/Lextr/OneDrive/Documenti/Unreal Projects/GameBehaviour/Content/Assets/Shaders/RocketPad.uasset" 419
"../../../Engine/Content/BasicShapes/Plane.uasset" 420
"../../../../../../Users/Lextr/OneDrive/Documenti/Unreal Projects/GameBehaviour/Content/Maps/Editor.umap" 421
"../../../Engine/Content/MapTemplates/Sky/T_Sky_Stars.uasset" 422
"../../../Engine/Content/MapTemplates/Sky/T_UDK_Sky_CloudMask01_N.uasset" 423
"../../../Engine/Content/MapTemplates/T_UDK_Sky_CloudMask03.uasset" 424
"../../../Engine/Content/MapTemplates/Sky/M_Procedural_Sky_MASTER02.uasset" 425
"../../../../../../Users/Lextr/OneDrive/Documenti/Unreal Projects/GameBehaviour/Content/SpaceSkyboxes/Meshes/SM_SkySphere1.uasset" 426
"../../../../../../Users/Lextr/OneDrive/Documenti/Unreal Projects/GameBehaviour/Content/SpaceSkyboxes/Blueprints/BP_SkyBox.uasset" 427
"../../../../../../Users/Lextr/OneDrive/Documenti/Unreal Projects/GameBehaviour/Content/SpaceSkyboxes/Textures/num7.uasset" 428
"../../../../../../Users/Lextr/OneDrive/Documenti/Unreal Projects/GameBehaviour/Content/SpaceSkyboxes/Materials/M_num7.uasset" 429
"../../../../../../Users/Lextr/OneDrive/Documenti/Unreal Projects/GameBehaviour/Content/Maps/Space.umap" 430
"../../../../../../Users/Lextr/OneDrive/Documenti/Unreal Projects/GameBehaviour/Content/SpaceSkyboxes/Textures/num3.uasset" 431
"../../../../../../Users/Lextr/OneDrive/Documenti/Unreal Projects/GameBehaviour/Content/SpaceSkyboxes/Materials/M_num3.uasset" 432
"../../../../../../Users/Lextr/OneDrive/Documenti/Unreal Projects/GameBehaviour/Content/SpaceSkyboxes/Maps/Overview.umap" 433
"../../../../../../Users/Lextr/OneDrive/Documenti/Unreal Projects/GameBehaviour/Content/StarterContent/Blueprints/Assets/FogBrightnessLUT.uasset" 434
"../../../../../../Users/Lextr/OneDrive/Documenti/Unreal Projects/GameBehaviour/Content/StarterContent/Blueprints/Assets/SunlightColorLUT.uasset" 435
"../../../../../../Users/Lextr/OneDrive/Documenti/Unreal Projects/GameBehaviour/Content/StarterContent/Blueprints/Assets/M_LightStage_Arrows.uasset" 436
"../../../Engine/Content/MapTemplates/Sky/DaylightAmbientCubemap.uasset" 437
"../../../../../../Users/Lextr/OneDrive/Documenti/Unreal Projects/GameBehaviour/Content/StarterContent/Blueprints/Assets/M_LightStage_Skybox_Master.uasset" 438
"../../../../../../Users/Lextr/OneDrive/Documenti/Unreal Projects/GameBehaviour/Content/StarterContent/Blueprints/Assets/M_LightStage_Skybox_Black.uasset" 439
"../../../../../../Users/Lextr/OneDrive/Documenti/Unreal Projects/GameBehaviour/Content/StarterContent/Blueprints/Assets/M_LightStage_Skybox_HDRI.uasset" 440
"../../../Engine/Content/EditorMaterials/Thumbnails/SkySphereMaterial.uasset" 441
"../../../../../../Users/Lextr/OneDrive/Documenti/Unreal Projects/GameBehaviour/Content/StarterContent/Blueprints/Assets/Skybox.uasset" 442
"../../../../../../Users/Lextr/OneDrive/Documenti/Unreal Projects/GameBehaviour/Content/StarterContent/Blueprints/Assets/SM_Arrows.uasset" 443
"../../../../../../Users/Lextr/OneDrive/Documenti/Unreal Projects/GameBehaviour/Content/StarterContent/HDRI/HDRI_Epic_Courtyard_Daylight.uasset" 444
"../../../../../../Users/Lextr/OneDrive/Documenti/Unreal Projects/GameBehaviour/Content/StarterContent/Blueprints/BP_LightStudio.uasset" 445
"../../../../../../Users/Lextr/OneDrive/Documenti/Unreal Projects/GameBehaviour/Content/StarterContent/Maps/Advanced_Lighting_BuiltData.uasset" 446
"../../../../../../Users/Lextr/OneDrive/Documenti/Unreal Projects/GameBehaviour/Content/StarterContent/Materials/M_AssetPlatform.uasset" 447
"../../../Engine/Content/EditorMeshes/ColorCalibrator/M_ChromeBall.uasset" 448
"../../../Engine/Content/EditorMeshes/ColorCalibrator/M_ClearCoat.uasset" 449
"../../../Engine/Content/EditorMeshes/ColorCalibrator/M_ClearCoatBlack.uasset" 450
"../../../Engine/Content/EditorMeshes/ColorCalibrator/Color_checker.uasset" 451
"../../../Engine/Content/EditorMeshes/ColorCalibrator/M_ColorGrid.uasset" 452
"../../../Engine/Content/EditorMeshes/ColorCalibrator/M_GreyBall.uasset" 453
"../../../Engine/Content/EditorMeshes/ColorCalibrator/SM_ColorCalibrator.uasset" 454
"../../../../../../Users/Lextr/OneDrive/Documenti/Unreal Projects/GameBehaviour/Content/StarterContent/Architecture/SM_AssetPlatform.uasset" 455
"../../../../../../Users/Lextr/OneDrive/Documenti/Unreal Projects/GameBehaviour/Content/StarterContent/Maps/Advanced_Lighting.umap" 456
"../../../Engine/Content/EngineSky/C_Sky_Cloud_Color.uasset" 457
"../../../Engine/Content/EngineSky/C_Sky_Horizon_Color.uasset" 458
"../../../Engine/Content/EngineSky/C_Sky_Zenith_Color.uasset" 459
"../../../Engine/Content/EngineSky/T_Sky_Blue.uasset" 460
"../../../Engine/Content/EngineSky/T_Sky_Clouds_M.uasset" 461
"../../../Engine/Content/EngineSky/T_Sky_Stars.uasset" 462
"../../../Engine/Content/EngineSky/M_Sky_Panning_Clouds2.uasset" 463
"../../../Engine/Content/EngineSky/SM_SkySphere.uasset" 464
"../../../Engine/Content/EngineSky/BP_Sky_Sphere.uasset" 465
"../../../../../../Users/Lextr/OneDrive/Documenti/Unreal Projects/GameBehaviour/Content/StarterContent/Maps/Minimal_Default_BuiltData.uasset" 466
"../../../../../../Users/Lextr/OneDrive/Documenti/Unreal Projects/GameBehaviour/Content/StarterContent/Textures/T_MacroVariation.uasset" 467
"../../../../../../Users/Lextr/OneDrive/Documenti/Unreal Projects/GameBehaviour/Content/StarterContent/Materials/M_Metal_Brushed_Nickel.uasset" 468
"../../../../../../Users/Lextr/OneDrive/Documenti/Unreal Projects/GameBehaviour/Content/StarterContent/Textures/T_Metal_Aluminum_D.uasset" 469
"../../../../../../Users/Lextr/OneDrive/Documenti/Unreal Projects/GameBehaviour/Content/StarterContent/Textures/T_Metal_Gold_N.uasset" 470
"../../../../../../Users/Lextr/OneDrive/Documenti/Unreal Projects/GameBehaviour/Content/StarterContent/Materials/M_Metal_Burnished_Steel.uasset" 471
"../../../../../../Users/Lextr/OneDrive/Documenti/Unreal Projects/GameBehaviour/Content/StarterContent/Textures/T_Metal_Copper_D.uasset" 472
"../../../../../../Users/Lextr/OneDrive/Documenti/Unreal Projects/GameBehaviour/Content/StarterContent/Materials/M_Metal_Copper.uasset" 473
"../../../../../../Users/Lextr/OneDrive/Documenti/Unreal Projects/GameBehaviour/Content/StarterContent/Textures/T_Statue_M.uasset" 474
"../../../../../../Users/Lextr/OneDrive/Documenti/Unreal Projects/GameBehaviour/Content/StarterContent/Textures/T_Statue_N.uasset" 475
"../../../../../../Users/Lextr/OneDrive/Documenti/Unreal Projects/GameBehaviour/Content/StarterContent/Props/Materials/M_StatueGlass.uasset" 476
"../../../../../../Users/Lextr/OneDrive/Documenti/Unreal Projects/GameBehaviour/Content/StarterContent/Architecture/Floor_400x400.uasset" 477
"../../../../../../Users/Lextr/OneDrive/Documenti/Unreal Projects/GameBehaviour/Content/StarterContent/Audio/Starter_Background_Cue.uasset" 478
"../../../../../../Users/Lextr/OneDrive/Documenti/Unreal Projects/GameBehaviour/Content/StarterContent/Props/SM_Chair.uasset" 479
"../../../../../../Users/Lextr/OneDrive/Documenti/Unreal Projects/GameBehaviour/Content/StarterContent/Props/Materials/M_Statue.uasset" 480
"../../../../../../Users/Lextr/OneDrive/Documenti/Unreal Projects/GameBehaviour/Content/StarterContent/Props/SM_Statue.uasset" 481
"../../../../../../Users/Lextr/OneDrive/Documenti/Unreal Projects/GameBehaviour/Content/StarterContent/Textures/T_TableRound_M.uasset" 482
"../../../../../../Users/Lextr/OneDrive/Documenti/Unreal Projects/GameBehaviour/Content/StarterContent/Textures/T_TableRound_N.uasset" 483
"../../../../../../Users/Lextr/OneDrive/Documenti/Unreal Projects/GameBehaviour/Content/StarterContent/Props/Materials/M_TableRound.uasset" 484
"../../../../../../Users/Lextr/OneDrive/Documenti/Unreal Projects/GameBehaviour/Content/StarterContent/Props/SM_TableRound.uasset" 485
"../../../../../../Users/Lextr/OneDrive/Documenti/Unreal Projects/GameBehaviour/Content/StarterContent/Maps/Minimal_Default.umap" 486
"../../../../../../Users/Lextr/OneDrive/Documenti/Unreal Projects/GameBehaviour/Content/StarterContent/Audio/Fire01_Cue.uasset" 487
"../../../../../../Users/Lextr/OneDrive/Documenti/Unreal Projects/GameBehaviour/Content/StarterContent/Textures/T_Fire_SubUV.uasset" 488
"../../../../../../Users/Lextr/OneDrive/Documenti/Unreal Projects/GameBehaviour/Content/StarterContent/Textures/T_Fire_Tiled_D.uasset" 489
"../../../../../../Users/Lextr/OneDrive/Documenti/Unreal Projects/GameBehaviour/Content/StarterContent/Particles/Materials/M_Fire_SubUV.uasset" 490
"../../../../../../Users/Lextr/OneDrive/Documenti/Unreal Projects/GameBehaviour/Content/StarterContent/Textures/T_Water_N.uasset" 491
"../../../../../../Users/Lextr/OneDrive/Documenti/Unreal Projects/GameBehaviour/Content/StarterContent/Particles/Materials/M_Heat_Distortion.uasset" 492
"../../../../../../Users/Lextr/OneDrive/Documenti/Unreal Projects/GameBehaviour/Content/StarterContent/Particles/Materials/M_Radial_Gradient.uasset" 493
"../../../../../../Users/Lextr/OneDrive/Documenti/Unreal Projects/GameBehaviour/Content/StarterContent/Particles/P_Fire.uasset" 494
"../../../../../../Users/Lextr/OneDrive/Documenti/Unreal Projects/GameBehaviour/Content/StarterContent/Blueprints/Blueprint_Effect_Fire.uasset" 495
"../../../../../../Users/Lextr/OneDrive/Documenti/Unreal Projects/GameBehaviour/Content/StarterContent/Audio/Smoke01_Cue.uasset" 496
"../../../../../../Users/Lextr/OneDrive/Documenti/Unreal Projects/GameBehaviour/Content/StarterContent/Particles/P_Smoke.uasset" 497
"../../../../../../Users/Lextr/OneDrive/Documenti/Unreal Projects/GameBehaviour/Content/StarterContent/Blueprints/Blueprint_Effect_Smoke.uasset" 498
"../../../../../../Users/Lextr/OneDrive/Documenti/Unreal Projects/GameBehaviour/Content/StarterContent/Audio/Fire_Sparks01_Cue.uasset" 499
"../../../../../../Users/Lextr/OneDrive/Documenti/Unreal Projects/GameBehaviour/Content/StarterContent/Textures/T_Spark_Core.uasset" 500
"../../../../../../Users/Lextr/OneDrive/Documenti/Unreal Projects/GameBehaviour/Content/StarterContent/Particles/Materials/M_Spark.uasset" 501
"../../../../../../Users/Lextr/OneDrive/Documenti/Unreal Projects/GameBehaviour/Content/StarterContent/Particles/P_Sparks.uasset" 502
"../../../../../../Users/Lextr/OneDrive/Documenti/Unreal Projects/GameBehaviour/Content/StarterContent/Blueprints/Blueprint_Effect_Sparks.uasset" 503
"../../../../../../Users/Lextr/OneDrive/Documenti/Unreal Projects/GameBehaviour/Content/StarterContent/Audio/Steam01_Cue.uasset" 504
"../../../../../../Users/Lextr/OneDrive/Documenti/Unreal Projects/GameBehaviour/Content/StarterContent/Particles/P_Steam_Lit.uasset" 505
"../../../../../../Users/Lextr/OneDrive/Documenti/Unreal Projects/GameBehaviour/Content/StarterContent/Blueprints/Blueprint_Effect_Steam.uasset" 506
"../../../../../../Users/Lextr/OneDrive/Documenti/Unreal Projects/GameBehaviour/Content/StarterContent/Textures/T_Lamp_M.uasset" 507
"../../../../../../Users/Lextr/OneDrive/Documenti/Unreal Projects/GameBehaviour/Content/StarterContent/Textures/T_Lamp_N.uasset" 508
"../../../../../../Users/Lextr/OneDrive/Documenti/Unreal Projects/GameBehaviour/Content/StarterContent/Props/Materials/M_Lamp.uasset" 509
"../../../../../../Users/Lextr/OneDrive/Documenti/Unreal Projects/GameBehaviour/Content/StarterContent/Props/SM_Lamp_Ceiling.uasset" 510
"../../../../../../Users/Lextr/OneDrive/Documenti/Unreal Projects/GameBehaviour/Content/StarterContent/Blueprints/Blueprint_CeilingLight.uasset" 511
"../../../../../../Users/Lextr/OneDrive/Documenti/Unreal Projects/GameBehaviour/Content/StarterContent/Props/SM_Lamp_Wall.uasset" 512
"../../../../../../Users/Lextr/OneDrive/Documenti/Unreal Projects/GameBehaviour/Content/StarterContent/Blueprints/Blueprint_WallSconce.uasset" 513
"../../../../../../Users/Lextr/OneDrive/Documenti/Unreal Projects/GameBehaviour/Content/StarterContent/Maps/StarterMap_BuiltData.uasset" 514
"../../../Engine/Content/Functions/Engine_MaterialFunctions03/Procedurals/ComputeFilterWidth.uasset" 515
"../../../Engine/Content/EngineMaterials/AntiAliasedTextMaterialTranslucent.uasset" 516
"../../../../../../Users/Lextr/OneDrive/Documenti/Unreal Projects/GameBehaviour/Content/StarterContent/Textures/T_Brick_Clay_Beveled_D.uasset" 517
"../../../../../../Users/Lextr/OneDrive/Documenti/Unreal Projects/GameBehaviour/Content/StarterContent/Textures/T_Brick_Clay_Beveled_M.uasset" 518
"../../../../../../Users/Lextr/OneDrive/Documenti/Unreal Projects/GameBehaviour/Content/StarterContent/Textures/T_Brick_Clay_Beveled_N.uasset" 519
"../../../../../../Users/Lextr/OneDrive/Documenti/Unreal Projects/GameBehaviour/Content/StarterContent/Materials/M_Brick_Clay_Beveled.uasset" 520
"../../../../../../Users/Lextr/OneDrive/Documenti/Unreal Projects/GameBehaviour/Content/StarterContent/Textures/T_Brick_Clay_New_D.uasset" 521
"../../../../../../Users/Lextr/OneDrive/Documenti/Unreal Projects/GameBehaviour/Content/StarterContent/Textures/T_Brick_Clay_New_M.uasset" 522
"../../../../../../Users/Lextr/OneDrive/Documenti/Unreal Projects/GameBehaviour/Content/StarterContent/Textures/T_Brick_Clay_New_N.uasset" 523
"../../../../../../Users/Lextr/OneDrive/Documenti/Unreal Projects/GameBehaviour/Content/StarterContent/Materials/M_Brick_Clay_New.uasset" 524
"../../../../../../Users/Lextr/OneDrive/Documenti/Unreal Projects/GameBehaviour/Content/StarterContent/Textures/T_Brick_Clay_Old_D.uasset" 525
"../../../../../../Users/Lextr/OneDrive/Documenti/Unreal Projects/GameBehaviour/Content/StarterContent/Textures/T_Brick_Clay_Old_N.uasset" 526
"../../../../../../Users/Lextr/OneDrive/Documenti/Unreal Projects/GameBehaviour/Content/StarterContent/Textures/T_Perlin_Noise_M.uasset" 527
"../../../../../../Users/Lextr/OneDrive/Documenti/Unreal Projects/GameBehaviour/Content/StarterContent/Materials/M_Brick_Clay_Old.uasset" 528
"../../../../../../Users/Lextr/OneDrive/Documenti/Unreal Projects/GameBehaviour/Content/StarterContent/Textures/T_Brick_Cut_Stone_D.uasset" 529
"../../../../../../Users/Lextr/OneDrive/Documenti/Unreal Projects/GameBehaviour/Content/StarterContent/Textures/T_Brick_Cut_Stone_N.uasset" 530
"../../../../../../Users/Lextr/OneDrive/Documenti/Unreal Projects/GameBehaviour/Content/StarterContent/Materials/M_Brick_Cut_Stone.uasset" 531
"../../../../../../Users/Lextr/OneDrive/Documenti/Unreal Projects/GameBehaviour/Content/StarterContent/Textures/T_Brick_Hewn_Stone_D.uasset" 532
"../../../../../../Users/Lextr/OneDrive/Documenti/Unreal Projects/GameBehaviour/Content/StarterContent/Textures/T_Brick_Hewn_Stone_M.uasset" 533
"../../../../../../Users/Lextr/OneDrive/Documenti/Unreal Projects/GameBehaviour/Content/StarterContent/Textures/T_Brick_Hewn_Stone_N.uasset" 534
"../../../../../../Users/Lextr/OneDrive/Documenti/Unreal Projects/GameBehaviour/Content/StarterContent/Materials/M_Brick_Hewn_Stone.uasset" 535
"../../../../../../Users/Lextr/OneDrive/Documenti/Unreal Projects/GameBehaviour/Content/StarterContent/Textures/T_Ceramic_Tile_M.uasset" 536
"../../../../../../Users/Lextr/OneDrive/Documenti/Unreal Projects/GameBehaviour/Content/StarterContent/Textures/T_Ceramic_Tile_N.uasset" 537
"../../../../../../Users/Lextr/OneDrive/Documenti/Unreal Projects/GameBehaviour/Content/StarterContent/Textures/T_Rock_Marble_Polished_D.uasset" 538
"../../../../../../Users/Lextr/OneDrive/Documenti/Unreal Projects/GameBehaviour/Content/StarterContent/Materials/M_Ceramic_Tile_Checker.uasset" 539
"../../../../../../Users/Lextr/OneDrive/Documenti/Unreal Projects/GameBehaviour/Content/StarterContent/Textures/T_CobbleStone_Pebble_D.uasset" 540
"../../../../../../Users/Lextr/OneDrive/Documenti/Unreal Projects/GameBehaviour/Content/StarterContent/Textures/T_CobbleStone_Pebble_M.uasset" 541
"../../../../../../Users/Lextr/OneDrive/Documenti/Unreal Projects/GameBehaviour/Content/StarterContent/Textures/T_CobbleStone_Pebble_N.uasset" 542
"../../../../../../Users/Lextr/OneDrive/Documenti/Unreal Projects/GameBehaviour/Content/StarterContent/Materials/M_CobbleStone_Pebble.uasset" 543
"../../../../../../Users/Lextr/OneDrive/Documenti/Unreal Projects/GameBehaviour/Content/StarterContent/Textures/T_CobbleStone_Rough_D.uasset" 544
"../../../../../../Users/Lextr/OneDrive/Documenti/Unreal Projects/GameBehaviour/Content/StarterContent/Textures/T_CobbleStone_Rough_N.uasset" 545
"../../../../../../Users/Lextr/OneDrive/Documenti/Unreal Projects/GameBehaviour/Content/StarterContent/Textures/T_Gradinet_01.uasset" 546
"../../../../../../Users/Lextr/OneDrive/Documenti/Unreal Projects/GameBehaviour/Content/StarterContent/Textures/T_Rock_Smooth_Granite_D.uasset" 547
"../../../../../../Users/Lextr/OneDrive/Documenti/Unreal Projects/GameBehaviour/Content/StarterContent/Materials/M_CobbleStone_Rough.uasset" 548
"../../../../../../Users/Lextr/OneDrive/Documenti/Unreal Projects/GameBehaviour/Content/StarterContent/Textures/T_CobbleStone_Smooth_D.uasset" 549
"../../../../../../Users/Lextr/OneDrive/Documenti/Unreal Projects/GameBehaviour/Content/StarterContent/Textures/T_CobbleStone_Smooth_M.uasset" 550
"../../../../../../Users/Lextr/OneDrive/Documenti/Unreal Projects/GameBehaviour/Content/StarterContent/Textures/T_CobbleStone_Smooth_N.uasset" 551
"../../../../../../Users/Lextr/OneDrive/Documenti/Unreal Projects/GameBehaviour/Content/StarterContent/Materials/M_CobbleStone_Smooth.uasset" 552
"../../../../../../Users/Lextr/OneDrive/Documenti/Unreal Projects/GameBehaviour/Content/StarterContent/Textures/T_Concrete_Grime_D.uasset" 553
"../../../../../../Users/Lextr/OneDrive/Documenti/Unreal Projects/GameBehaviour/Content/StarterContent/Textures/T_Metal_Rust_N.uasset" 554
"../../../../../../Users/Lextr/OneDrive/Documenti/Unreal Projects/GameBehaviour/Content/StarterContent/Materials/M_Concrete_Grime.uasset" 555
"../../../../../../Users/Lextr/OneDrive/Documenti/Unreal Projects/GameBehaviour/Content/StarterContent/Textures/T_Concrete_Panels_D.uasset" 556
"../../../../../../Users/Lextr/OneDrive/Documenti/Unreal Projects/GameBehaviour/Content/StarterContent/Textures/T_Concrete_Panels_N.uasset" 557
"../../../../../../Users/Lextr/OneDrive/Documenti/Unreal Projects/GameBehaviour/Content/StarterContent/Materials/M_Concrete_Panels.uasset" 558
"../../../../../../Users/Lextr/OneDrive/Documenti/Unreal Projects/GameBehaviour/Content/StarterContent/Textures/T_Concrete_Poured_D.uasset" 559
"../../../../../../Users/Lextr/OneDrive/Documenti/Unreal Projects/GameBehaviour/Content/StarterContent/Textures/T_Concrete_Poured_N.uasset" 560
"../../../../../../Users/Lextr/OneDrive/Documenti/Unreal Projects/GameBehaviour/Content/StarterContent/Materials/M_Concrete_Poured.uasset" 561
"../../../../../../Users/Lextr/OneDrive/Documenti/Unreal Projects/GameBehaviour/Content/StarterContent/Textures/T_Concrete_Tiles_D.uasset" 562
"../../../../../../Users/Lextr/OneDrive/Documenti/Unreal Projects/GameBehaviour/Content/StarterContent/Textures/T_Concrete_Tiles_M.uasset" 563
"../../../../../../Users/Lextr/OneDrive/Documenti/Unreal Projects/GameBehaviour/Content/StarterContent/Textures/T_Concrete_Tiles_N.uasset" 564
"../../../../../../Users/Lextr/OneDrive/Documenti/Unreal Projects/GameBehaviour/Content/StarterContent/Textures/T_Concrete_Tiles_Variation_M.uasset" 565
"../../../../../../Users/Lextr/OneDrive/Documenti/Unreal Projects/GameBehaviour/Content/StarterContent/Materials/M_Concrete_Tiles.uasset" 566
"../../../../../../Users/Lextr/OneDrive/Documenti/Unreal Projects/GameBehaviour/Content/StarterContent/Textures/T_Ground_Grass_D.uasset" 567
"../../../../../../Users/Lextr/OneDrive/Documenti/Unreal Projects/GameBehaviour/Content/StarterContent/Textures/T_Ground_Grass_N.uasset" 568
"../../../../../../Users/Lextr/OneDrive/Documenti/Unreal Projects/GameBehaviour/Content/StarterContent/Materials/M_Ground_Grass.uasset" 569
"../../../../../../Users/Lextr/OneDrive/Documenti/Unreal Projects/GameBehaviour/Content/StarterContent/Textures/T_Ground_Gravel_D.uasset" 570
"../../../../../../Users/Lextr/OneDrive/Documenti/Unreal Projects/GameBehaviour/Content/StarterContent/Textures/T_Ground_Gravel_N.uasset" 571
"../../../../../../Users/Lextr/OneDrive/Documenti/Unreal Projects/GameBehaviour/Content/StarterContent/Materials/M_Ground_Gravel.uasset" 572
"../../../../../../Users/Lextr/OneDrive/Documenti/Unreal Projects/GameBehaviour/Content/StarterContent/Textures/T_ground_Moss_D.uasset" 573
"../../../../../../Users/Lextr/OneDrive/Documenti/Unreal Projects/GameBehaviour/Content/StarterContent/Textures/T_Ground_Moss_N.uasset" 574
"../../../../../../Users/Lextr/OneDrive/Documenti/Unreal Projects/GameBehaviour/Content/StarterContent/Materials/M_Ground_Moss.uasset" 575
"../../../../../../Users/Lextr/OneDrive/Documenti/Unreal Projects/GameBehaviour/Content/StarterContent/Materials/M_Metal_Chrome.uasset" 576
"../../../../../../Users/Lextr/OneDrive/Documenti/Unreal Projects/GameBehaviour/Content/StarterContent/Textures/T_Metal_Gold_D.uasset" 577
"../../../../../../Users/Lextr/OneDrive/Documenti/Unreal Projects/GameBehaviour/Content/StarterContent/Materials/M_Metal_Gold.uasset" 578
"../../../../../../Users/Lextr/OneDrive/Documenti/Unreal Projects/GameBehaviour/Content/StarterContent/Textures/T_Metal_Rust_D.uasset" 579
"../../../../../../Users/Lextr/OneDrive/Documenti/Unreal Projects/GameBehaviour/Content/StarterContent/Materials/M_Metal_Rust.uasset" 580
"../../../../../../Users/Lextr/OneDrive/Documenti/Unreal Projects/GameBehaviour/Content/StarterContent/Textures/T_Metal_Steel_D.uasset" 581
"../../../../../../Users/Lextr/OneDrive/Documenti/Unreal Projects/GameBehaviour/Content/StarterContent/Textures/T_Metal_Steel_N.uasset" 582
"../../../../../../Users/Lextr/OneDrive/Documenti/Unreal Projects/GameBehaviour/Content/StarterContent/Materials/M_Metal_Steel.uasset" 583
"../../../../../../Users/Lextr/OneDrive/Documenti/Unreal Projects/GameBehaviour/Content/StarterContent/Textures/T_Rock_Basalt_N.uasset" 584
"../../../../../../Users/Lextr/OneDrive/Documenti/Unreal Projects/GameBehaviour/Content/StarterContent/Materials/M_Rock_Basalt.uasset" 585
"../../../../../../Users/Lextr/OneDrive/Documenti/Unreal Projects/GameBehaviour/Content/StarterContent/Materials/M_Rock_Marble_Polished.uasset" 586
"../../../../../../Users/Lextr/OneDrive/Documenti/Unreal Projects/GameBehaviour/Content/StarterContent/Textures/T_Rock_Sandstone_D.uasset" 587
"../../../../../../Users/Lextr/OneDrive/Documenti/Unreal Projects/GameBehaviour/Content/StarterContent/Textures/T_Rock_Sandstone_N.uasset" 588
"../../../../../../Users/Lextr/OneDrive/Documenti/Unreal Projects/GameBehaviour/Content/StarterContent/Materials/M_Rock_Sandstone.uasset" 589
"../../../../../../Users/Lextr/OneDrive/Documenti/Unreal Projects/GameBehaviour/Content/StarterContent/Textures/T_Rock_Slate_D.uasset" 590
"../../../../../../Users/Lextr/OneDrive/Documenti/Unreal Projects/GameBehaviour/Content/StarterContent/Textures/T_Rock_Slate_N.uasset" 591
"../../../../../../Users/Lextr/OneDrive/Documenti/Unreal Projects/GameBehaviour/Content/StarterContent/Materials/M_Rock_Slate.uasset" 592
"../../../../../../Users/Lextr/OneDrive/Documenti/Unreal Projects/GameBehaviour/Content/StarterContent/Textures/T_Checker_Noise_M.uasset" 593
"../../../../../../Users/Lextr/OneDrive/Documenti/Unreal Projects/GameBehaviour/Content/StarterContent/Textures/T_Single_Tile_N.uasset" 594
"../../../../../../Users/Lextr/OneDrive/Documenti/Unreal Projects/GameBehaviour/Content/StarterContent/Textures/T_Tech_Dot_M.uasset" 595
"../../../../../../Users/Lextr/OneDrive/Documenti/Unreal Projects/GameBehaviour/Content/StarterContent/Textures/T_Tech_Dot_N.uasset" 596
"../../../../../../Users/Lextr/OneDrive/Documenti/Unreal Projects/GameBehaviour/Content/StarterContent/Materials/M_Tech_Checker_Dot.uasset" 597
"../../../../../../Users/Lextr/OneDrive/Documenti/Unreal Projects/GameBehaviour/Content/StarterContent/Textures/T_Tech_Hex_Tile_M.uasset" 598
"../../../../../../Users/Lextr/OneDrive/Documenti/Unreal Projects/GameBehaviour/Content/StarterContent/Textures/T_Tech_Hex_Tile_N.uasset" 599
"../../../../../../Users/Lextr/OneDrive/Documenti/Unreal Projects/GameBehaviour/Content/StarterContent/Materials/M_Tech_Hex_Tile.uasset" 600
"../../../../../../Users/Lextr/OneDrive/Documenti/Unreal Projects/GameBehaviour/Content/StarterContent/Materials/M_Tech_Hex_Tile_Pulse.uasset" 601
"../../../../../../Users/Lextr/OneDrive/Documenti/Unreal Projects/GameBehaviour/Content/StarterContent/Textures/T_Tech_Panel_M.uasset" 602
"../../../../../../Users/Lextr/OneDrive/Documenti/Unreal Projects/GameBehaviour/Content/StarterContent/Textures/T_Tech_Panel_N.uasset" 603
"../../../../../../Users/Lextr/OneDrive/Documenti/Unreal Projects/GameBehaviour/Content/StarterContent/Materials/M_Tech_Panel.uasset" 604
"../../../../../../Users/Lextr/OneDrive/Documenti/Unreal Projects/GameBehaviour/Content/StarterContent/Materials/M_Water_Lake.uasset" 605
"../../../../../../Users/Lextr/OneDrive/Documenti/Unreal Projects/GameBehaviour/Content/StarterContent/Textures/T_Water_M.uasset" 606
"../../../../../../Users/Lextr/OneDrive/Documenti/Unreal Projects/GameBehaviour/Content/StarterContent/Materials/M_Water_Ocean.uasset" 607
"../../../../../../Users/Lextr/OneDrive/Documenti/Unreal Projects/GameBehaviour/Content/StarterContent/Textures/T_Wood_Floor_Walnut_D.uasset" 608
"../../../../../../Users/Lextr/OneDrive/Documenti/Unreal Projects/GameBehaviour/Content/StarterContent/Textures/T_Wood_Floor_Walnut_M.uasset" 609
"../../../../../../Users/Lextr/OneDrive/Documenti/Unreal Projects/GameBehaviour/Content/StarterContent/Textures/T_Wood_Floor_Walnut_N.uasset" 610
"../../../../../../Users/Lextr/OneDrive/Documenti/Unreal Projects/GameBehaviour/Content/StarterContent/Materials/M_Wood_Floor_Walnut_Polished.uasset" 611
"../../../Engine/Content/Functions/Engine_MaterialFunctions01/Opacity/AlphaOffset.uasset" 612
"../../../../../../Users/Lextr/OneDrive/Documenti/Unreal Projects/GameBehaviour/Content/StarterContent/Materials/M_Wood_Floor_Walnut_Worn.uasset" 613
"../../../../../../Users/Lextr/OneDrive/Documenti/Unreal Projects/GameBehaviour/Content/StarterContent/Textures/T_Wood_Oak_D.uasset" 614
"../../../../../../Users/Lextr/OneDrive/Documenti/Unreal Projects/GameBehaviour/Content/StarterContent/Textures/T_Wood_Oak_N.uasset" 615
"../../../../../../Users/Lextr/OneDrive/Documenti/Unreal Projects/GameBehaviour/Content/StarterContent/Materials/M_Wood_Oak.uasset" 616
"../../../../../../Users/Lextr/OneDrive/Documenti/Unreal Projects/GameBehaviour/Content/StarterContent/Textures/T_Wood_Pine_D.uasset" 617
"../../../../../../Users/Lextr/OneDrive/Documenti/Unreal Projects/GameBehaviour/Content/StarterContent/Textures/T_Wood_Pine_N.uasset" 618
"../../../../../../Users/Lextr/OneDrive/Documenti/Unreal Projects/GameBehaviour/Content/StarterContent/Materials/M_Wood_Pine.uasset" 619
"../../../../../../Users/Lextr/OneDrive/Documenti/Unreal Projects/GameBehaviour/Content/StarterContent/Textures/T_Wood_Walnut_D.uasset" 620
"../../../../../../Users/Lextr/OneDrive/Documenti/Unreal Projects/GameBehaviour/Content/StarterContent/Textures/T_Wood_Walnut_N.uasset" 621
"../../../../../../Users/Lextr/OneDrive/Documenti/Unreal Projects/GameBehaviour/Content/StarterContent/Materials/M_Wood_Walnut.uasset" 622
"../../../../../../Users/Lextr/OneDrive/Documenti/Unreal Projects/GameBehaviour/Content/StarterContent/Architecture/Wall_400x200.uasset" 623
"../../../../../../Users/Lextr/OneDrive/Documenti/Unreal Projects/GameBehaviour/Content/StarterContent/Architecture/Wall_Door_400x300.uasset" 624
"../../../../../../Users/Lextr/OneDrive/Documenti/Unreal Projects/GameBehaviour/Content/StarterContent/Architecture/Wall_Window_400x300.uasset" 625
"../../../../../../Users/Lextr/OneDrive/Documenti/Unreal Projects/GameBehaviour/Content/StarterContent/Audio/Collapse_Cue.uasset" 626
"../../../../../../Users/Lextr/OneDrive/Documenti/Unreal Projects/GameBehaviour/Content/StarterContent/Audio/Starter_Music_Cue.uasset" 627
"../../../../../../Users/Lextr/OneDrive/Documenti/Unreal Projects/GameBehaviour/Content/StarterContent/Textures/T_Dust_Particle_D.uasset" 628
"../../../../../../Users/Lextr/OneDrive/Documenti/Unreal Projects/GameBehaviour/Content/StarterContent/Particles/Materials/M_Dust_Particle.uasset" 629
"../../../../../../Users/Lextr/OneDrive/Documenti/Unreal Projects/GameBehaviour/Content/StarterContent/Particles/P_Ambient_Dust.uasset" 630
"../../../../../../Users/Lextr/OneDrive/Documenti/Unreal Projects/GameBehaviour/Content/StarterContent/Props/MaterialSphere.uasset" 631
"../../../../../../Users/Lextr/OneDrive/Documenti/Unreal Projects/GameBehaviour/Content/StarterContent/Textures/T_Frame_M.uasset" 632
"../../../../../../Users/Lextr/OneDrive/Documenti/Unreal Projects/GameBehaviour/Content/StarterContent/Textures/T_Frame_N.uasset" 633
"../../../../../../Users/Lextr/OneDrive/Documenti/Unreal Projects/GameBehaviour/Content/StarterContent/Props/Materials/M_Frame.uasset" 634
"../../../../../../Users/Lextr/OneDrive/Documenti/Unreal Projects/GameBehaviour/Content/StarterContent/Props/SM_CornerFrame.uasset" 635
"../../../../../../Users/Lextr/OneDrive/Documenti/Unreal Projects/GameBehaviour/Content/StarterContent/Props/SM_DoorFrame.uasset" 636
"../../../../../../Users/Lextr/OneDrive/Documenti/Unreal Projects/GameBehaviour/Content/StarterContent/Props/SM_GlassWindow.uasset" 637
"../../../../../../Users/Lextr/OneDrive/Documenti/Unreal Projects/GameBehaviour/Content/StarterContent/Props/SM_PillarFrame.uasset" 638
"../../../../../../Users/Lextr/OneDrive/Documenti/Unreal Projects/GameBehaviour/Content/StarterContent/Props/SM_PillarFrame300.uasset" 639
"../../../../../../Users/Lextr/OneDrive/Documenti/Unreal Projects/GameBehaviour/Content/StarterContent/Props/SM_WindowFrame.uasset" 640
"../../../../../../Users/Lextr/OneDrive/Documenti/Unreal Projects/GameBehaviour/Content/StarterContent/Shapes/Shape_Cube.uasset" 641
"../../../../../../Users/Lextr/OneDrive/Documenti/Unreal Projects/GameBehaviour/Content/StarterContent/Shapes/Shape_QuadPyramid.uasset" 642
"../../../../../../Users/Lextr/OneDrive/Documenti/Unreal Projects/GameBehaviour/Content/StarterContent/Shapes/Shape_Sphere.uasset" 643
"../../../../../../Users/Lextr/OneDrive/Documenti/Unreal Projects/GameBehaviour/Content/StarterContent/Maps/StarterMap.umap" 644
"../../../Engine/Content/Maps/Entry_BuiltData.uasset" 645
"../../../Engine/Content/Maps/Entry.umap" 646
